<?xml version="1.0" encoding="UTF-8"?>
<!-- Generated by org.testng.reporters.JUnitReportReporter -->
<testsuite hostname="alexcomputer" failures="0" tests="4" name="com.platform.project.tests.FirstCollectRestAssuredTest" time="4.378" errors="0" timestamp="29 Dec 2020 22:46:20 GMT">
  <testcase classname="com.platform.project.tests.FirstCollectRestAssuredTest" name="getFirstName" time="3.380"/>
  <testcase classname="com.platform.project.tests.FirstCollectRestAssuredTest" name="statusCode200" time="0.346"/>
  <testcase classname="com.platform.project.tests.FirstCollectRestAssuredTest" name="listUsers" time="0.354"/>
  <testcase classname="com.platform.project.tests.FirstCollectRestAssuredTest" name="userNotFound" time="0.298"/>
</testsuite> <!-- com.platform.project.tests.FirstCollectRestAssuredTest -->
